<?xml version="1.0" encoding="UTF-8" ?>
<testsuite failures="0" time="91.603" errors="0" skipped="0" tests="6" name="com.nespresso.nesoatestsuite.interfaces.TestProdDeclInterfaces">
  <properties>
[...]
</properties>
  <testcase time="0.484" classname="com.nespresso.nesoatestsuite.interfaces.TestProdDeclInterfaces" name="testProdDeclAvenOutputValidSchema"/>
  <testcase time="0.078" classname="com.nespresso.nesoatestsuite.interfaces.TestProdDeclInterfaces" name="testProdDeclAvenXPathOutput"/>
  <testcase time="0.125" classname="com.nespresso.nesoatestsuite.interfaces.TestProdDeclInterfaces" name="testProdDeclAvenXPathValuesOutput"/>
  <testcase time="0.202" classname="com.nespresso.nesoatestsuite.interfaces.TestProdDeclInterfaces" name="testProdDeclOrbeOutputValidSchema"/>
  <testcase time="0.016" classname="com.nespresso.nesoatestsuite.interfaces.TestProdDeclInterfaces" name="testProdDeclOrbeXPathOutput"/>
  <testcase time="0.062" classname="com.nespresso.nesoatestsuite.interfaces.TestProdDeclInterfaces" name="testProdDeclOrbeXPathValuesOutput"/>
</testsuite>